# JRE version: OpenJDK Runtime Environment Corretto-16.0.2.7.1 (16.0.2+7) (build 16.0.2+7)
# Java VM: OpenJDK 64-Bit Server VM Corretto-16.0.2.7.1 (16.0.2+7, mixed mode, sharing, tiered, compressed oops, compressed class ptrs, g1 gc, windows-amd64)
GC Precious Log:
 CPUs: 16 total, 16 available
 Memory: 32720M
 Large Page Support: Disabled
 NUMA Support: Disabled
 Compressed Oops: Enabled (Zero based)
 Heap Region Size: 4M
 Heap Min Capacity: 8M
 Heap Initial Capacity: 512M
 Heap Max Capacity: 8184M
 Pre-touch: Disabled
 Parallel Workers: 13
 Concurrent Workers: 3
 Concurrent Refinement Workers: 13
 Periodic GC: Disabled
Heap:
 garbage-first heap   total 57344K, used 10203K [0x0000000600800000, 0x0000000800000000)
  region size 4096K, 2 young (8192K), 1 survivors (4096K)
 Metaspace       used 21406K, committed 21632K, reserved 1073152K
  class space    used 2127K, committed 2240K, reserved 1048576K
GC Heap History (6 events):
Event: 0.764 GC heap before
{Heap before GC invocations=0 (full 0):
 garbage-first heap   total 524288K, used 20480K [0x0000000600800000, 0x0000000800000000)
  region size 4096K, 6 young (24576K), 0 survivors (0K)
 Metaspace       used 5983K, committed 6144K, reserved 1056768K
  class space    used 424K, committed 512K, reserved 1048576K
}
Event: 0.769 GC heap after
{Heap after GC invocations=1 (full 0):
 garbage-first heap   total 524288K, used 6727K [0x0000000600800000, 0x0000000800000000)
  region size 4096K, 1 young (4096K), 1 survivors (4096K)
 Metaspace       used 5983K, committed 6144K, reserved 1056768K
  class space    used 424K, committed 512K, reserved 1048576K
}
Event: 1.671 GC heap before
{Heap before GC invocations=1 (full 0):
 garbage-first heap   total 524288K, used 27207K [0x0000000600800000, 0x0000000800000000)
  region size 4096K, 6 young (24576K), 1 survivors (4096K)
 Metaspace       used 13729K, committed 13888K, reserved 1064960K
  class space    used 1241K, committed 1344K, reserved 1048576K
}
Event: 1.674 GC heap after
{Heap after GC invocations=2 (full 0):
 garbage-first heap   total 524288K, used 8423K [0x0000000600800000, 0x0000000800000000)
  region size 4096K, 1 young (4096K), 1 survivors (4096K)
 Metaspace       used 13729K, committed 13888K, reserved 1064960K
  class space    used 1241K, committed 1344K, reserved 1048576K
}
Event: 6.318 GC heap before
{Heap before GC invocations=2 (full 0):
 garbage-first heap   total 524288K, used 32999K [0x0000000600800000, 0x0000000800000000)
  region size 4096K, 9 young (36864K), 1 survivors (4096K)
 Metaspace       used 21106K, committed 21248K, reserved 1073152K
  class space    used 2086K, committed 2176K, reserved 1048576K
}
Event: 6.322 GC heap after
{Heap after GC invocations=3 (full 0):
 garbage-first heap   total 524288K, used 10203K [0x0000000600800000, 0x0000000800000000)
  region size 4096K, 1 young (4096K), 1 survivors (4096K)
 Metaspace       used 21106K, committed 21248K, reserved 1073152K
  class space    used 2086K, committed 2176K, reserved 1048576K
}

